
> @propsage/api@0.1.0 build C:\Users\akash\Documents\propsage\apps\api
> tsc -p tsconfig.json

src/routes/cfb.clips.ts(27,5): error TS1131: Property or signature expected.
src/routes/cfb.clips.ts(33,40): error TS1005: ',' expected.
src/routes/cfb.clips.ts(33,47): error TS1005: ':' expected.
src/routes/cfb.clips.ts(33,59): error TS1005: ',' expected.
src/routes/cfb.clips.ts(33,66): error TS1005: ':' expected.
src/routes/cfb.clips.ts(33,78): error TS1005: ',' expected.
src/routes/cfb.clips.ts(37,65): error TS1005: ',' expected.
src/routes/cfb.clips.ts(45,16): error TS1109: Expression expected.
src/routes/cfb.clips.ts(57,32): error TS1005: ',' expected.
src/routes/cfb.clips.ts(57,38): error TS1005: ')' expected.
src/routes/cfb.clips.ts(57,55): error TS1131: Property or signature expected.
src/routes/cfb.clips.ts(65,5): error TS1131: Property or signature expected.
src/routes/cfb.clips.ts(73,47): error TS1005: ',' expected.
src/routes/cfb.clips.ts(73,63): error TS1005: ',' expected.
src/routes/cfb.clips.ts(73,79): error TS1005: ',' expected.
src/routes/cfb.clips.ts(77,93): error TS1005: ',' expected.
src/routes/cfb.clips.ts(81,59): error TS1005: ',' expected.
src/routes/cfb.clips.ts(81,81): error TS1005: ',' expected.
src/routes/cfb.clips.ts(81,103): error TS1005: ',' expected.
src/routes/cfb.clips.ts(85,67): error TS1005: ',' expected.
src/routes/cfb.clips.ts(89,52): error TS1005: ',' expected.
src/routes/cfb.clips.ts(89,66): error TS1005: ',' expected.
src/routes/cfb.clips.ts(89,80): error TS1005: ',' expected.
src/routes/cfb.clips.ts(93,45): error TS1005: ',' expected.
src/routes/cfb.clips.ts(97,39): error TS1005: ')' expected.
src/routes/cfb.clips.ts(97,52): error TS1109: Expression expected.
src/routes/cfb.clips.ts(97,60): error TS1005: ')' expected.
src/routes/cfb.clips.ts(97,76): error TS1109: Expression expected.
src/routes/cfb.clips.ts(99,5): error TS1128: Declaration or statement expected.
src/routes/cfb.clips.ts(99,6): error TS1128: Declaration or statement expected.
src/routes/cfb.clips.ts(99,7): error TS1128: Declaration or statement expected.
src/routes/cfb.clips.ts(105,19): error TS1005: ':' expected.
src/routes/cfb.clips.ts(105,80): error TS1005: ',' expected.
src/routes/cfb.clips.ts(105,97): error TS1005: ',' expected.
src/routes/cfb.clips.ts(109,34): error TS1005: ',' expected.
src/routes/cfb.clips.ts(111,7): error TS1005: ',' expected.
src/routes/cfb.clips.ts(113,25): error TS1005: ',' expected.
src/routes/cfb.clips.ts(113,41): error TS1005: ',' expected.
src/routes/cfb.clips.ts(113,60): error TS1005: ',' expected.
src/routes/cfb.clips.ts(115,5): error TS1005: ',' expected.
src/routes/cfb.clips.ts(117,49): error TS1128: Declaration or statement expected.
src/routes/cfb.clips.ts(121,58): error TS1005: ',' expected.
src/routes/cfb.clips.ts(121,78): error TS1005: ',' expected.
src/routes/cfb.clips.ts(125,24): error TS1005: ',' expected.
src/routes/cfb.clips.ts(125,30): error TS1005: ':' expected.
src/routes/cfb.clips.ts(127,7): error TS1005: ',' expected.
src/routes/cfb.clips.ts(129,6): error TS1005: ',' expected.
src/routes/cfb.clips.ts(129,9): error TS1005: ',' expected.
src/routes/cfb.clips.ts(129,27): error TS1005: ',' expected.
src/routes/cfb.clips.ts(129,35): error TS1005: ')' expected.
src/routes/cfb.clips.ts(131,1): error TS1128: Declaration or statement expected.
src/routes/cfb.clips.ts(131,2): error TS1128: Declaration or statement expected.
src/routes/cfb.clips.ts(145,55): error TS1011: An element access expression should take an argument.
src/routes/cfb.clips.ts(145,72): error TS1011: An element access expression should take an argument.
src/routes/cfb.clips.ts(149,26): error TS1005: ':' expected.
src/routes/cfb.clips.ts(153,46): error TS1005: ',' expected.
src/routes/cfb.clips.ts(153,52): error TS1005: ':' expected.
src/routes/cfb.clips.ts(153,87): error TS1005: ',' expected.
src/routes/cfb.clips.ts(153,106): error TS1005: ',' expected.
src/routes/cfb.clips.ts(153,125): error TS1005: ',' expected.
src/routes/cfb.clips.ts(155,6): error TS1005: ',' expected.
src/routes/cfb.clips.ts(157,5): error TS1005: ',' expected.
src/routes/cfb.clips.ts(161,33): error TS1005: ':' expected.
src/routes/cfb.clips.ts(161,64): error TS1005: ',' expected.
src/routes/cfb.clips.ts(161,85): error TS1005: ',' expected.
src/routes/cfb.clips.ts(161,106): error TS1005: ',' expected.
src/routes/cfb.clips.ts(169,2): error TS1472: 'catch' or 'finally' expected.
src/routes/cfb.clips.ts(169,73): error TS1109: Expression expected.
src/routes/cfb.clips.ts(169,92): error TS1109: Expression expected.
src/routes/cfb.clips.ts(175,86): error TS1109: Expression expected.
src/routes/cfb.clips.ts(175,103): error TS1109: Expression expected.
src/routes/cfb.clips.ts(179,31): error TS1109: Expression expected.
src/routes/cfb.clips.ts(179,53): error TS1109: Expression expected.
src/routes/cfb.clips.ts(187,29): error TS1128: Declaration or statement expected.
src/routes/cfb.clips.ts(199,5): error TS1128: Declaration or statement expected.
src/routes/cfb.clips.ts(199,63): error TS1005: ':' expected.
src/routes/cfb.clips.ts(203,11): error TS1005: ':' expected.
src/routes/cfb.clips.ts(203,16): error TS1005: ',' expected.
src/routes/cfb.clips.ts(203,22): error TS1005: ',' expected.
src/routes/cfb.clips.ts(203,23): error TS1109: Expression expected.
src/routes/cfb.clips.ts(203,25): error TS1005: ':' expected.
src/routes/cfb.clips.ts(203,29): error TS1005: ',' expected.
src/routes/cfb.clips.ts(207,9): error TS1005: ':' expected.
src/routes/cfb.clips.ts(207,34): error TS1005: ',' expected.
src/routes/cfb.clips.ts(209,7): error TS1005: ',' expected.
src/routes/cfb.clips.ts(211,71): error TS1005: ',' expected.
src/routes/cfb.clips.ts(211,72): error TS1005: ',' expected.
src/routes/cfb.clips.ts(223,23): error TS1135: Argument expression expected.
src/routes/cfb.clips.ts(223,76): error TS1005: ':' expected.
src/routes/cfb.clips.ts(231,9): error TS1005: ',' expected.
src/routes/cfb.clips.ts(231,10): error TS1005: ',' expected.
src/routes/cfb.clips.ts(231,40): error TS1005: ',' expected.
src/routes/cfb.clips.ts(235,9): error TS1005: ',' expected.
src/routes/cfb.clips.ts(235,16): error TS1005: ',' expected.
src/routes/cfb.clips.ts(235,83): error TS1005: ',' expected.
src/routes/cfb.clips.ts(235,87): error TS1128: Declaration or statement expected.
src/routes/cfb.clips.ts(235,88): error TS1128: Declaration or statement expected.
src/routes/cfb.clips.ts(243,82): error TS1109: Expression expected.
src/routes/cfb.clips.ts(247,30): error TS1005: '(' expected.
src/routes/cfb.clips.ts(249,13): error TS1005: ',' expected.
src/routes/cfb.clips.ts(249,15): error TS1005: ',' expected.
src/routes/cfb.clips.ts(251,18): error TS1005: ',' expected.
src/routes/cfb.clips.ts(251,59): error TS1109: Expression expected.
src/routes/cfb.clips.ts(251,68): error TS1005: ',' expected.
src/routes/cfb.clips.ts(251,72): error TS1005: '(' expected.
src/routes/cfb.clips.ts(251,78): error TS1005: ';' expected.
src/routes/cfb.clips.ts(251,81): error TS1005: ';' expected.
src/routes/cfb.clips.ts(251,106): error TS1003: Identifier expected.
src/routes/cfb.clips.ts(251,115): error TS1005: ')' expected.
src/routes/cfb.clips.ts(251,119): error TS1005: '(' expected.
src/routes/cfb.clips.ts(251,125): error TS1005: ';' expected.
src/routes/cfb.clips.ts(251,128): error TS1005: ';' expected.
src/routes/cfb.clips.ts(253,24): error TS1005: ')' expected.
src/routes/cfb.clips.ts(255,16): error TS1005: ';' expected.
src/routes/cfb.clips.ts(255,45): error TS1109: Expression expected.
src/routes/cfb.clips.ts(255,48): error TS1109: Expression expected.
src/routes/cfb.clips.ts(257,25): error TS1005: ';' expected.
src/routes/cfb.clips.ts(259,19): error TS1005: ';' expected.
src/routes/cfb.clips.ts(259,52): error TS1109: Expression expected.
src/routes/cfb.clips.ts(259,60): error TS1005: ';' expected.
src/routes/cfb.clips.ts(259,68): error TS1109: Expression expected.
src/routes/cfb.clips.ts(259,76): error TS1005: ';' expected.
src/routes/cfb.clips.ts(263,24): error TS1005: ';' expected.
src/routes/cfb.clips.ts(263,38): error TS1109: Expression expected.
src/routes/cfb.clips.ts(263,48): error TS1005: ';' expected.
src/routes/cfb.clips.ts(263,50): error TS1434: Unexpected keyword or identifier.
src/routes/cfb.clips.ts(263,67): error TS1003: Identifier expected.
src/routes/cfb.clips.ts(263,94): error TS1005: ';' expected.
src/routes/cfb.clips.ts(263,96): error TS1434: Unexpected keyword or identifier.
src/routes/cfb.clips.ts(263,113): error TS1003: Identifier expected.
src/routes/cfb.clips.ts(267,27): error TS1005: ';' expected.
src/routes/cfb.clips.ts(267,46): error TS1109: Expression expected.
src/routes/cfb.clips.ts(267,54): error TS1005: ';' expected.
src/routes/cfb.clips.ts(267,56): error TS1434: Unexpected keyword or identifier.
src/routes/cfb.clips.ts(267,71): error TS1003: Identifier expected.
src/routes/cfb.clips.ts(267,93): error TS1005: ';' expected.
src/routes/cfb.clips.ts(267,95): error TS1434: Unexpected keyword or identifier.
src/routes/cfb.clips.ts(267,110): error TS1003: Identifier expected.
src/routes/cfb.clips.ts(271,20): error TS1005: ';' expected.
src/routes/cfb.clips.ts(271,38): error TS1109: Expression expected.
src/routes/cfb.clips.ts(271,46): error TS1005: ';' expected.
src/routes/cfb.clips.ts(271,48): error TS1434: Unexpected keyword or identifier.
src/routes/cfb.clips.ts(271,63): error TS1003: Identifier expected.
src/routes/cfb.clips.ts(271,97): error TS1005: ';' expected.
src/routes/cfb.clips.ts(271,99): error TS1434: Unexpected keyword or identifier.
src/routes/cfb.clips.ts(271,114): error TS1003: Identifier expected.
src/routes/cfb.clips.ts(275,20): error TS1005: ';' expected.
src/routes/cfb.clips.ts(275,38): error TS1109: Expression expected.
src/routes/cfb.clips.ts(275,50): error TS1005: ';' expected.
src/routes/cfb.clips.ts(275,52): error TS1434: Unexpected keyword or identifier.
src/routes/cfb.clips.ts(275,70): error TS1003: Identifier expected.
src/routes/cfb.clips.ts(275,111): error TS1005: ';' expected.
src/routes/cfb.clips.ts(275,113): error TS1434: Unexpected keyword or identifier.
src/routes/cfb.clips.ts(275,131): error TS1003: Identifier expected.
src/routes/cfb.clips.ts(279,23): error TS1005: ';' expected.
src/routes/cfb.clips.ts(279,44): error TS1109: Expression expected.
src/routes/cfb.clips.ts(279,53): error TS1005: ';' expected.
src/routes/cfb.clips.ts(279,55): error TS1434: Unexpected keyword or identifier.
src/routes/cfb.clips.ts(279,68): error TS1135: Argument expression expected.
src/routes/cfb.clips.ts(279,75): error TS1135: Argument expression expected.
src/routes/cfb.clips.ts(279,89): error TS1005: ';' expected.
src/routes/cfb.clips.ts(279,91): error TS1434: Unexpected keyword or identifier.
src/routes/cfb.clips.ts(279,104): error TS1135: Argument expression expected.
src/routes/cfb.clips.ts(279,111): error TS1135: Argument expression expected.
src/routes/cfb.clips.ts(283,12): error TS1128: Declaration or statement expected.
src/routes/cfb.clips.ts(283,15): error TS1109: Expression expected.
src/routes/cfb.clips.ts(285,9): error TS1128: Declaration or statement expected.
src/routes/cfb.clips.ts(287,7): error TS1128: Declaration or statement expected.
src/routes/cfb.clips.ts(311,26): error TS1005: ':' expected.
src/routes/cfb.clips.ts(311,74): error TS1005: ',' expected.
src/routes/cfb.clips.ts(311,85): error TS1005: ':' expected.
src/routes/cfb.clips.ts(311,133): error TS1005: ',' expected.
src/routes/cfb.clips.ts(335,16): error TS1005: ';' expected.
src/routes/cfb.clips.ts(335,30): error TS1005: ';' expected.
src/routes/cfb.clips.ts(337,6): error TS1128: Declaration or statement expected.
src/routes/cfb.clips.ts(339,13): error TS1005: ',' expected.
src/routes/cfb.clips.ts(341,1): error TS1005: ',' expected.
src/routes/cfb.clips.ts(355,55): error TS1005: ':' expected.
src/routes/cfb.clips.ts(357,14): error TS1005: ':' expected.
src/routes/cfb.clips.ts(357,54): error TS1005: ',' expected.
src/routes/cfb.clips.ts(359,14): error TS1005: ',' expected.
src/routes/cfb.clips.ts(359,19): error TS1005: ',' expected.
src/routes/cfb.clips.ts(359,38): error TS1005: ',' expected.
src/routes/cfb.clips.ts(363,9): error TS1005: ',' expected.
src/routes/cfb.clips.ts(363,13): error TS1005: ',' expected.
src/routes/cfb.clips.ts(363,27): error TS1005: ',' expected.
src/routes/cfb.clips.ts(363,33): error TS1005: ')' expected.
src/routes/cfb.clips.ts(367,15): error TS1005: ',' expected.
src/routes/cfb.clips.ts(367,33): error TS1005: ',' expected.
src/routes/cfb.clips.ts(367,35): error TS1005: ';' expected.
src/routes/cfb.clips.ts(367,69): error TS1005: ';' expected.
src/routes/cfb.clips.ts(371,14): error TS1128: Declaration or statement expected.
src/routes/cfb.clips.ts(371,22): error TS1128: Declaration or statement expected.
src/routes/cfb.clips.ts(371,23): error TS1128: Declaration or statement expected.
src/routes/cfb.clips.ts(375,29): error TS1128: Declaration or statement expected.
src/routes/cfb.clips.ts(379,20): error TS1005: ';' expected.
src/routes/cfb.clips.ts(381,12): error TS1005: ';' expected.
src/routes/cfb.clips.ts(383,21): error TS1005: ';' expected.
src/routes/cfb.clips.ts(383,64): error TS1109: Expression expected.
src/routes/cfb.clips.ts(387,17): error TS1005: ';' expected.
src/routes/cfb.clips.ts(389,20): error TS1005: ';' expected.
src/routes/cfb.clips.ts(391,18): error TS1005: ';' expected.
src/routes/cfb.clips.ts(393,23): error TS1005: ';' expected.
src/routes/cfb.clips.ts(395,13): error TS1005: ';' expected.
src/routes/cfb.clips.ts(395,34): error TS1109: Expression expected.
src/routes/cfb.clips.ts(399,8): error TS1472: 'catch' or 'finally' expected.
src/routes/cfb.clips.ts(421,5): error TS1005: 'try' expected.
src/routes/cfb.clips.ts(429,2): error TS1472: 'catch' or 'finally' expected.
src/routes/cfb.clips.ts(431,77): error TS1135: Argument expression expected.
src/routes/cfb.clips.ts(437,5): error TS1109: Expression expected.
src/routes/cfb.clips.ts(447,43): error TS1005: ',' expected.
src/routes/cfb.clips.ts(447,48): error TS1005: ',' expected.
src/routes/cfb.clips.ts(449,9): error TS1005: ',' expected.
src/routes/cfb.clips.ts(451,29): error TS1136: Property assignment expected.
src/routes/cfb.clips.ts(451,39): error TS1128: Declaration or statement expected.
src/routes/cfb.clips.ts(451,40): error TS1005: ')' expected.
src/routes/cfb.clips.ts(455,7): error TS1128: Declaration or statement expected.
src/routes/cfb.clips.ts(455,8): error TS1128: Declaration or statement expected.
src/routes/cfb.clips.ts(459,5): error TS1128: Declaration or statement expected.
src/routes/cfb.clips.ts(459,6): error TS1128: Declaration or statement expected.
src/routes/cfb.clips.ts(461,3): error TS1128: Declaration or statement expected.
src/routes/cfb.clips.ts(461,5): error TS1005: 'try' expected.
src/routes/cfb.clips.ts(471,84): error TS1359: Identifier expected. 'const' is a reserved word that cannot be used here.
src/routes/cfb.clips.ts(471,90): error TS1005: ',' expected.
src/routes/cfb.clips.ts(471,97): error TS1005: ',' expected.
src/routes/cfb.clips.ts(471,100): error TS1005: ',' expected.
src/routes/cfb.clips.ts(473,15): error TS1005: ';' expected.
src/routes/cfb.clips.ts(475,33): error TS1109: Expression expected.
src/routes/cfb.clips.ts(475,114): error TS1005: ',' expected.
src/routes/cfb.clips.ts(475,116): error TS1134: Variable declaration expected.
src/routes/cfb.clips.ts(477,14): error TS1005: ';' expected.
src/routes/cfb.clips.ts(479,19): error TS1005: ';' expected.
src/routes/cfb.clips.ts(479,60): error TS1005: ';' expected.
src/routes/cfb.clips.ts(481,7): error TS1109: Expression expected.
src/routes/cfb.clips.ts(481,8): error TS1128: Declaration or statement expected.
src/routes/cfb.clips.ts(483,64): error TS1005: ';' expected.
src/routes/cfb.clips.ts(485,5): error TS1109: Expression expected.
src/routes/cfb.clips.ts(485,6): error TS1005: ',' expected.
src/routes/cfb.clips.ts(491,50): error TS1005: ';' expected.
src/routes/cfb.clips.ts(493,1): error TS1109: Expression expected.
src/routes/cfb.clips.ts(494,82): error TS1005: ';' expected.
src/routes/cfb.clips.ts(496,24): error TS1005: ';' expected.
src/routes/cfb.clips.ts(496,97): error TS1005: ';' expected.
src/routes/cfb.clips.ts(498,16): error TS1005: ';' expected.
src/routes/cfb.clips.ts(500,25): error TS1005: ';' expected.
src/routes/cfb.clips.ts(500,67): error TS1005: ';' expected.
src/routes/cfb.clips.ts(502,19): error TS1005: ';' expected.
src/routes/cfb.clips.ts(502,74): error TS1005: ';' expected.
src/routes/cfb.clips.ts(504,21): error TS1005: ';' expected.
src/routes/cfb.clips.ts(504,80): error TS1005: ';' expected.
src/routes/cfb.clips.ts(506,24): error TS1005: ';' expected.
src/routes/cfb.clips.ts(506,63): error TS1005: ';' expected.
src/routes/cfb.clips.ts(508,22): error TS1005: ';' expected.
src/routes/cfb.clips.ts(508,81): error TS1005: ';' expected.
src/routes/cfb.clips.ts(510,27): error TS1005: ';' expected.
src/routes/cfb.clips.ts(510,68): error TS1005: ';' expected.
src/routes/cfb.clips.ts(512,80): error TS1005: ';' expected.
src/routes/cfb.clips.ts(516,20): error TS1005: ';' expected.
src/routes/cfb.clips.ts(516,55): error TS1005: ';' expected.
src/routes/cfb.clips.ts(518,22): error TS1005: ';' expected.
src/routes/cfb.clips.ts(518,61): error TS1005: ';' expected.
src/routes/cfb.clips.ts(520,49): error TS1109: Expression expected.
src/routes/cfb.clips.ts(520,50): error TS1128: Declaration or statement expected.
src/routes/cfb.clips.ts(524,23): error TS1005: ';' expected.
src/routes/cfb.clips.ts(524,62): error TS1005: ';' expected.
src/routes/cfb.clips.ts(526,17): error TS1005: ';' expected.
src/routes/cfb.clips.ts(526,43): error TS1005: ';' expected.
src/routes/cfb.clips.ts(528,11): error TS1109: Expression expected.
src/routes/cfb.clips.ts(528,12): error TS1128: Declaration or statement expected.
src/routes/cfb.clips.ts(530,9): error TS1109: Expression expected.
src/routes/cfb.clips.ts(532,7): error TS1128: Declaration or statement expected.
src/routes/cfb.clips.ts(532,18): error TS1128: Declaration or statement expected.
src/routes/cfb.clips.ts(532,19): error TS1128: Declaration or statement expected.
src/routes/cfb.clips.ts(534,9): error TS1128: Declaration or statement expected.
src/routes/cfb.clips.ts(536,82): error TS1128: Declaration or statement expected.
src/routes/cfb.clips.ts(538,5): error TS1128: Declaration or statement expected.
src/routes/cfb.clips.ts(538,7): error TS1005: 'try' expected.
src/routes/cfb.clips.ts(546,5): error TS1128: Declaration or statement expected.
src/routes/cfb.clips.ts(558,51): error TS1128: Declaration or statement expected.
src/routes/cfb.clips.ts(564,47): error TS1005: ',' expected.
src/routes/cfb.clips.ts(564,74): error TS1005: ',' expected.
src/routes/cfb.clips.ts(568,30): error TS1005: ',' expected.
src/routes/cfb.clips.ts(570,38): error TS1005: ',' expected.
src/routes/cfb.clips.ts(572,7): error TS1005: ',' expected.
src/routes/cfb.clips.ts(576,5): error TS1005: ',' expected.
src/routes/cfb.clips.ts(582,7): error TS1005: ',' expected.
src/routes/cfb.clips.ts(586,16): error TS1005: ';' expected.
src/routes/cfb.clips.ts(586,28): error TS1005: 'try' expected.
src/routes/cfb.clips.ts(588,6): error TS1128: Declaration or statement expected.
src/routes/cfb.clips.ts(590,3): error TS1128: Declaration or statement expected.
src/routes/cfb.clips.ts(592,1): error TS1128: Declaration or statement expected.
src/routes/cfb.clips.ts(592,2): error TS1128: Declaration or statement expected.
src/routes/cfb.clips.ts(592,6): error TS1128: Declaration or statement expected.
src/routes/cfb.clips.ts(594,1): error TS1128: Declaration or statement expected.
src/routes/cfb.clips.ts(594,2): error TS1128: Declaration or statement expected.
src/routes/cfb.clips.ts(602,5): error TS1109: Expression expected.
src/routes/cfb.clips.ts(602,11): error TS1005: ';' expected.
src/routes/cfb.clips.ts(602,20): error TS1434: Unexpected keyword or identifier.
src/routes/cfb.clips.ts(602,32): error TS1435: Unknown keyword or identifier. Did you mean 'out'?
src/routes/cfb.clips.ts(602,38): error TS1434: Unexpected keyword or identifier.
src/routes/cfb.clips.ts(602,40): error TS1434: Unexpected keyword or identifier.
src/routes/cfb.clips.ts(604,41): error TS1109: Expression expected.
src/routes/cfb.clips.ts(604,42): error TS1161: Unterminated regular expression literal.
src/routes/cfb.clips.ts(640,25): error TS1005: ':' expected.
src/routes/cfb.clips.ts(640,70): error TS1005: ',' expected.
src/routes/cfb.clips.ts(644,63): error TS1005: ',' expected.
src/routes/cfb.clips.ts(644,93): error TS1005: ';' expected.
src/routes/cfb.clips.ts(644,95): error TS1005: ';' expected.
src/routes/cfb.clips.ts(648,12): error TS1005: ';' expected.
src/routes/cfb.clips.ts(650,21): error TS1005: ';' expected.
src/routes/cfb.clips.ts(650,66): error TS1109: Expression expected.
src/routes/cfb.clips.ts(652,40): error TS1109: Expression expected.
src/routes/cfb.clips.ts(656,20): error TS1005: ';' expected.
src/routes/cfb.clips.ts(664,37): error TS1005: ',' expected.
src/routes/cfb.clips.ts(668,5): error TS1109: Expression expected.
src/routes/cfb.clips.ts(670,23): error TS1005: ';' expected.
src/routes/cfb.clips.ts(672,5): error TS1109: Expression expected.
src/routes/cfb.clips.ts(674,7): error TS1109: Expression expected.
src/routes/cfb.clips.ts(676,5): error TS1109: Expression expected.
src/routes/cfb.clips.ts(678,22): error TS1005: ';' expected.
src/routes/cfb.clips.ts(684,15): error TS1005: ';' expected.
src/routes/cfb.clips.ts(690,3): error TS1109: Expression expected.
src/routes/cfb.clips.ts(690,5): error TS1005: 'try' expected.
src/routes/cfb.clips.ts(698,2): error TS1472: 'catch' or 'finally' expected.
src/routes/cfb.clips.ts(698,12): error TS1128: Declaration or statement expected.
src/routes/cfb.clips.ts(700,7): error TS1128: Declaration or statement expected.
src/routes/cfb.clips.ts(718,5): error TS1472: 'catch' or 'finally' expected.
src/routes/cfb.clips.ts(718,28): error TS1005: ',' expected.
src/routes/cfb.clips.ts(718,46): error TS1005: ',' expected.
src/routes/cfb.clips.ts(722,31): error TS1005: ',' expected.
src/routes/cfb.clips.ts(722,61): error TS1005: ',' expected.
src/routes/cfb.clips.ts(726,49): error TS1005: ',' expected.
src/routes/cfb.clips.ts(728,62): error TS1005: ',' expected.
src/routes/cfb.clips.ts(732,32): error TS1109: Expression expected.
src/routes/cfb.clips.ts(734,25): error TS1109: Expression expected.
src/routes/cfb.clips.ts(734,26): error TS1128: Declaration or statement expected.
src/routes/cfb.clips.ts(746,45): error TS1005: ';' expected.
src/routes/cfb.clips.ts(746,51): error TS1128: Declaration or statement expected.
src/routes/cfb.clips.ts(748,43): error TS1005: ';' expected.
src/routes/cfb.clips.ts(750,7): error TS1128: Declaration or statement expected.
src/routes/cfb.clips.ts(752,6): error TS1472: 'catch' or 'finally' expected.
src/routes/cfb.clips.ts(754,3): error TS1128: Declaration or statement expected.
src/routes/cfb.clips.ts(754,5): error TS1005: 'try' expected.
src/routes/cfb.clips.ts(762,2): error TS1128: Declaration or statement expected.
src/routes/cfb.clips.ts(764,5): error TS1128: Declaration or statement expected.
src/routes/cfb.clips.ts(810,7): error TS1005: ',' expected.
src/routes/cfb.clips.ts(810,13): error TS1005: ',' expected.
src/routes/cfb.clips.ts(812,24): error TS1005: ',' expected.
src/routes/cfb.clips.ts(814,12): error TS1005: ',' expected.
src/routes/cfb.clips.ts(814,75): error TS1135: Argument expression expected.
src/routes/cfb.clips.ts(818,27): error TS1109: Expression expected.
src/routes/cfb.clips.ts(822,19): error TS1005: ';' expected.
src/routes/cfb.clips.ts(824,8): error TS1128: Declaration or statement expected.
src/routes/cfb.clips.ts(826,48): error TS1005: ';' expected.
src/routes/cfb.clips.ts(830,3): error TS1109: Expression expected.
src/routes/cfb.clips.ts(832,2): error TS1128: Declaration or statement expected.
src/routes/cfb.clips.ts(834,19): error TS1005: ';' expected.
src/routes/cfb.clips.ts(836,1): error TS1109: Expression expected.
src/routes/cfb.clips.ts(837,17): error TS1005: ';' expected.
src/routes/cfb.clips.ts(838,14): error TS1005: ';' expected.
src/routes/cfb.clips.ts(839,9): error TS1128: Declaration or statement expected.
src/routes/cfb.clips.ts(840,7): error TS1128: Declaration or statement expected.
src/routes/cfb.clips.ts(840,8): error TS1128: Declaration or statement expected.
src/routes/cfb.clips.ts(841,5): error TS1128: Declaration or statement expected.
src/routes/cfb.clips.ts(847,3): error TS1128: Declaration or statement expected.
src/routes/cfb.clips.ts(847,5): error TS1005: 'try' expected.
src/routes/cfb.clips.ts(851,1): error TS1128: Declaration or statement expected.
src/routes/cfb.clips.ts(851,2): error TS1128: Declaration or statement expected.
 ELIFECYCLE  Command failed with exit code 2.
